0 info it worked if it ends with ok
1 verbose cli [ 'C:\\Program Files\\nodejs\\node.exe',
1 verbose cli   'C:\\Users\\rdeline\\AppData\\Roaming\\npm\\node_modules\\npm\\bin\\npm-cli.js',
1 verbose cli   'run',
1 verbose cli   'build' ]
2 info using npm@4.0.2
3 info using node@v8.9.0
4 verbose run-script [ 'prebuild', 'build', 'postbuild' ]
5 info lifecycle livecells@0.1.0~prebuild: livecells@0.1.0
6 silly lifecycle livecells@0.1.0~prebuild: no script for prebuild, continuing
7 info lifecycle livecells@0.1.0~build: livecells@0.1.0
8 verbose lifecycle livecells@0.1.0~build: unsafe-perm in lifecycle true
9 verbose lifecycle livecells@0.1.0~build: PATH: C:\Users\rdeline\AppData\Roaming\npm\node_modules\npm\bin\node-gyp-bin;C:\livecells\node_modules\.bin;C:\Program Files (x86)\Microsoft Visual Studio 14.0\Common7\IDE\CommonExtensions\Microsoft\TestWindow;C:\Program Files (x86)\Microsoft SDKs\F#\4.0\Framework\v4.0\;C:\Program Files (x86)\MSBuild\14.0\bin;C:\Program Files (x86)\Microsoft Visual Studio 14.0\Common7\IDE\;C:\Program Files (x86)\Microsoft Visual Studio 14.0\VC\BIN;C:\Program Files (x86)\Microsoft Visual Studio 14.0\Common7\Tools;C:\WINDOWS\Microsoft.NET\Framework\v4.0.30319;C:\Program Files (x86)\Microsoft Visual Studio 14.0\VC\VCPackages;C:\Program Files (x86)\HTML Help Workshop;C:\Program Files (x86)\Microsoft Visual Studio 14.0\Team Tools\Performance Tools;C:\Program Files (x86)\Windows Kits\10\bin\x86;C:\Program Files (x86)\Microsoft SDKs\Windows\v10.0A\bin\NETFX 4.6.1 Tools\;C:\Program Files\Microsoft MPI\Bin\;C:\Program Files\Common Files\Microsoft Shared\Microsoft Online Services;C:\Program Files (x86)\Common Files\Microsoft Shared\Microsoft Online Services;C:\windows\system32;C:\windows;C:\windows\System32\Wbem;C:\windows\System32\WindowsPowerShell\v1.0\;C:\Users\rdeline\.dnx\bin;C:\Program Files\Microsoft DNX\Dnvm\;C:\Program Files\Microsoft SQL Server\120\Tools\Binn\;C:\Program Files (x86)\Skype\Phone\;C:\tools\python2;C:\ProgramData\chocolatey\bin;C:\Program Files (x86)\Windows Kits\8.1\Windows Performance Toolkit\;C:\Program Files (x86)\CMake\bin;C:\Program Files\Microsoft SQL Server\130\Tools\Binn\;C:\Program Files (x86)\Windows Kits\10\Windows Performance Toolkit\;C:\Program Files\Microsoft Windows Performance Toolkit\;C:\Program Files\Git LFS;C:\WINDOWS\system32;C:\WINDOWS;C:\WINDOWS\System32\Wbem;C:\WINDOWS\System32\WindowsPowerShell\v1.0\;C:\Program Files (x86)\MiKTeX 2.9\miktex\bin\;C:\Program Files\dotnet\;C:\Program Files\doxygen\bin;C:\Program Files\PuTTY\;C:\Program Files\nodejs\;C:\WINDOWS\System32\OpenSSH\;C:\Program Files\Git\cmd;C:\Program Files\Microsoft VS Code\bin;C:\Program Files (x86)\Elm Platform\0.18\bin;c:\swigwin-3.0.12;C:\Program Files (x86)\CMake\bin;C:\Users\rdeline\AppData\Local\atom\bin;C:\Users\rdeline\AppData\Local\Microsoft\WindowsApps;C:\Program Files (x86)\Arduino;C:\Users\rdeline\AppData\Local\Continuum\Miniconda3;C:\Users\rdeline\AppData\Local\Continuum\Miniconda3\Scripts;c:\ell\external\OpenBLASLibs.0.2.19.3\build\native\x64\haswell\bin;C:\Program Files\Microsoft VS Code\bin;\curl\I386;\id\ell\build\bin\Release;C:\Users\rdeline\AppData\Roaming\npm;C:\Users\rdeline\AppData\Local\GitHubDesktop\bin;C:\Users\rdeline\AppData\Local\Microsoft\WindowsApps
10 verbose lifecycle livecells@0.1.0~build: CWD: C:\livecells
11 silly lifecycle livecells@0.1.0~build: Args: [ '/d /s /c', 'tsc' ]
12 silly lifecycle livecells@0.1.0~build: Returned: code: 2  signal: null
13 info lifecycle livecells@0.1.0~build: Failed to exec build script
14 verbose stack Error: livecells@0.1.0 build: `tsc`
14 verbose stack Exit status 2
14 verbose stack     at EventEmitter.<anonymous> (C:\Users\rdeline\AppData\Roaming\npm\node_modules\npm\lib\utils\lifecycle.js:279:16)
14 verbose stack     at emitTwo (events.js:126:13)
14 verbose stack     at EventEmitter.emit (events.js:214:7)
14 verbose stack     at ChildProcess.<anonymous> (C:\Users\rdeline\AppData\Roaming\npm\node_modules\npm\lib\utils\spawn.js:40:14)
14 verbose stack     at emitTwo (events.js:126:13)
14 verbose stack     at ChildProcess.emit (events.js:214:7)
14 verbose stack     at maybeClose (internal/child_process.js:925:16)
14 verbose stack     at Process.ChildProcess._handle.onexit (internal/child_process.js:209:5)
15 verbose pkgid livecells@0.1.0
16 verbose cwd C:\livecells
17 error Windows_NT 10.0.17134
18 error argv "C:\\Program Files\\nodejs\\node.exe" "C:\\Users\\rdeline\\AppData\\Roaming\\npm\\node_modules\\npm\\bin\\npm-cli.js" "run" "build"
19 error node v8.9.0
20 error npm  v4.0.2
21 error code ELIFECYCLE
22 error livecells@0.1.0 build: `tsc`
22 error Exit status 2
23 error Failed at the livecells@0.1.0 build script 'tsc'.
23 error Make sure you have the latest version of node.js and npm installed.
23 error If you do, this is most likely a problem with the livecells package,
23 error not with npm itself.
23 error Tell the author that this fails on your system:
23 error     tsc
23 error You can get information on how to open an issue for this project with:
23 error     npm bugs livecells
23 error Or if that isn't available, you can get their info via:
23 error     npm owner ls livecells
23 error There is likely additional logging output above.
24 verbose exit [ 1, true ]
